<?xml version="1.0" encoding="UTF-8"?>
<!-- Generated by org.testng.reporters.JUnitReportReporter -->
<testsuite skipped="0" hostname="DESKTOP-REVKL7J" name="TestNG.TestFileRead" tests="1" failures="0" timestamp="2019-10-01T16:21:09 IST" time="28.653" errors="0">
  <testcase name="Test01" time="28.653" classname="TestNG.TestFileRead"/>
</testsuite> <!-- TestNG.TestFileRead -->
