<?xml version="1.0" encoding="UTF-8"?>
<!-- Generated by org.testng.reporters.JUnitReportReporter -->
<testsuite skipped="0" hostname="DESKTOP-REVKL7J" name="TestNG.Test1" tests="2" failures="0" timestamp="2019-10-02T21:02:05 IST" time="0.006" errors="0">
  <testcase name="Test02" time="0.004" classname="TestNG.Test1"/>
  <testcase name="Test03" time="0.002" classname="TestNG.Test1"/>
</testsuite> <!-- TestNG.Test1 -->
