<?xml version="1.0" encoding="UTF-8"?>
<!-- Generated by org.testng.reporters.JUnitReportReporter -->
<testsuite skipped="0" hostname="DESKTOP-REVKL7J" name="TestNG.Test2" tests="4" failures="0" timestamp="2019-10-02T21:02:05 IST" time="0.007" errors="0">
  <testcase name="Test01" time="0.003" classname="TestNG.Test2"/>
  <testcase name="Test01" time="0.002" classname="TestNG.Test2"/>
  <testcase name="Test01" time="0.002" classname="TestNG.Test2"/>
  <testcase name="Test03" time="0.000" classname="TestNG.Test2"/>
</testsuite> <!-- TestNG.Test2 -->
